\BOOKMARK [0][-]{chapter.1}{\376\377\000S\000u\000m\000a\000r\000i\000o\000\040\000E\000x\000e\000c\000u\000t\000i\000v\000o}{}% 1
\BOOKMARK [0][-]{chapter.2}{\376\377\000E\000n\000q\000u\000a\000d\000r\000a\000m\000e\000n\000t\000o}{}% 2
\BOOKMARK [1][-]{section.2.1}{\376\377\000A\000m\000b\000i\000t\000o}{chapter.2}% 3
\BOOKMARK [1][-]{section.2.2}{\376\377\000R\000e\000s\000t\000r\000i\000c\000o\000e\000s\000\040\000O\000p\000e\000r\000a\000c\000i\000o\000n\000a\000i\000s}{chapter.2}% 4
\BOOKMARK [0][-]{chapter.3}{\376\377\000A\000r\000q\000u\000i\000t\000e\000t\000u\000r\000a\000\040\000e\000\040\000A\000t\000i\000v\000o\000s}{}% 5
\BOOKMARK [1][-]{section.3.1}{\376\377\000T\000o\000p\000o\000l\000o\000g\000i\000a\000\040\000d\000e\000\040\000R\000e\000d\000e}{chapter.3}% 6
\BOOKMARK [1][-]{section.3.2}{\376\377\000I\000n\000v\000e\000n\000t\000a\000r\000i\000o\000\040\000d\000e\000\040\000M\000a\000q\000u\000i\000n\000a\000s}{chapter.3}% 7
\BOOKMARK [1][-]{section.3.3}{\376\377\000C\000l\000a\000s\000s\000i\000f\000i\000c\000a\000c\000a\000o\000\040\000d\000e\000\040\000A\000t\000i\000v\000o\000s}{chapter.3}% 8
\BOOKMARK [0][-]{chapter.4}{\376\377\000M\000e\000t\000o\000d\000o\000l\000o\000g\000i\000a}{}% 9
\BOOKMARK [1][-]{section.4.1}{\376\377\000F\000e\000r\000r\000a\000m\000e\000n\000t\000a\000s\000\040\000U\000t\000i\000l\000i\000z\000a\000d\000a\000s}{chapter.4}% 10
\BOOKMARK [0][-]{chapter.5}{\376\377\000R\000e\000s\000u\000l\000t\000a\000d\000o\000s\000\040\000T\000e\000c\000n\000i\000c\000o\000s}{}% 11
\BOOKMARK [1][-]{section.5.1}{\376\377\000R\000e\000c\000o\000n\000h\000e\000c\000i\000m\000e\000n\000t\000o\000\040\000P\000a\000s\000s\000i\000v\000o}{chapter.5}% 12
\BOOKMARK [1][-]{section.5.2}{\376\377\000D\000e\000s\000c\000o\000b\000e\000r\000t\000a\000\040\000d\000e\000\040\000H\000o\000s\000t\000s}{chapter.5}% 13
\BOOKMARK [1][-]{section.5.3}{\376\377\000E\000n\000u\000m\000e\000r\000a\000c\000a\000o\000\040\000d\000e\000\040\000S\000e\000r\000v\000i\000c\000o\000s}{chapter.5}% 14
\BOOKMARK [2][-]{subsection.5.3.1}{\376\377\000W\000i\000n\000d\000o\000w\000s\000\040\000S\000e\000r\000v\000e\000r\000\040\0002\0000\0001\0009\000\040\040\023\000\040\0001\0009\0002\000.\0001\0006\0008\000.\0005\0000\000.\0002\0000}{section.5.3}% 15
\BOOKMARK [2][-]{subsection.5.3.2}{\376\377\000E\000n\000u\000m\000e\000r\000a\000c\000a\000o\000\040\000d\000e\000\040\000P\000a\000r\000t\000i\000l\000h\000a\000s\000\040\000S\000M\000B}{section.5.3}% 16
\BOOKMARK [2][-]{subsection.5.3.3}{\376\377\000A\000c\000e\000s\000s\000o\000\040\000e\000\040\000A\000n\000a\000l\000i\000s\000e\000\040\000d\000a\000\040\000P\000a\000r\000t\000i\000l\000h\000a\000\040\000F\000i\000n\000a\000n\000c\000e}{section.5.3}% 17
\BOOKMARK [2][-]{subsection.5.3.4}{\376\377\000E\000n\000u\000m\000e\000r\000a\000c\000a\000o\000\040\000d\000o\000\040\000A\000c\000t\000i\000v\000e\000\040\000D\000i\000r\000e\000c\000t\000o\000r\000y\000\040\040\023\000\040\000B\000l\000o\000o\000d\000h\000o\000u\000n\000d}{section.5.3}% 18
\BOOKMARK [2][-]{subsection.5.3.5}{\376\377\000T\000e\000n\000t\000a\000t\000i\000v\000a\000\040\000d\000e\000\040\000E\000s\000c\000a\000l\000a\000d\000a\000\040\000d\000e\000\040\000P\000r\000i\000v\000i\000l\000e\000g\000i\000o\000s}{section.5.3}% 19
\BOOKMARK [2][-]{subsection.5.3.6}{\376\377\000E\000n\000u\000m\000e\000r\000a\000c\000a\000o\000\040\000d\000o\000\040\000D\000o\000m\000i\000n\000i\000o\000\040\040\023\000\040\000e\000n\000u\000m\0004\000l\000i\000n\000u\000x}{section.5.3}% 20
\BOOKMARK [2][-]{subsection.5.3.7}{\376\377\000A\000n\000a\000l\000i\000s\000e\000\040\000c\000o\000m\000\040\000N\000e\000s\000s\000u\000s\000\040\040\023\000\040\000W\000i\000n\000d\000o\000w\000s\000\040\000S\000e\000r\000v\000e\000r\000\040\0002\0000\0001\0009}{section.5.3}% 21
\BOOKMARK [2][-]{subsection.5.3.8}{\376\377\000V\000e\000r\000i\000f\000i\000c\000a\000c\000a\000o\000\040\000c\000o\000m\000\040\000M\000e\000t\000a\000s\000p\000l\000o\000i\000t\000\040\040\023\000\040\000W\000i\000n\000d\000o\000w\000s\000\040\000S\000e\000r\000v\000e\000r\000\040\0002\0000\0001\0009}{section.5.3}% 22
\BOOKMARK [2][-]{subsection.5.3.9}{\376\377\000R\000e\000s\000u\000m\000o\000\040\000d\000e\000\040\000F\000i\000n\000d\000i\000n\000g\000s\000\040\040\023\000\040\000W\000i\000n\000d\000o\000w\000s\000\040\000S\000e\000r\000v\000e\000r\000\040\0002\0000\0001\0009}{section.5.3}% 23
\BOOKMARK [1][-]{section.5.4}{\376\377\000U\000b\000u\000n\000t\000u\000\040\000S\000e\000r\000v\000e\000r\000\040\0002\0002\000.\0000\0004\000\040\040\023\000\040\0001\0009\0002\000.\0001\0006\0008\000.\0005\0000\000.\0003\0000}{chapter.5}% 24
\BOOKMARK [2][-]{subsection.5.4.1}{\376\377\000E\000n\000u\000m\000e\000r\000a\000c\000a\000o\000\040\000d\000e\000\040\000S\000e\000r\000v\000i\000c\000o\000s}{section.5.4}% 25
\BOOKMARK [2][-]{subsection.5.4.2}{\376\377\000T\000e\000s\000t\000e\000s\000\040\000a\000\040\000A\000p\000l\000i\000c\000a\000c\000a\000o\000\040\000W\000e\000b}{section.5.4}% 26
\BOOKMARK [2][-]{subsection.5.4.3}{\376\377\000A\000n\000a\000l\000i\000s\000e\000\040\000c\000o\000m\000\040\000N\000e\000s\000s\000u\000s\000\040\040\023\000\040\000U\000b\000u\000n\000t\000u\000\040\000S\000e\000r\000v\000e\000r\000\040\0002\0002\000.\0000\0004}{section.5.4}% 27
\BOOKMARK [2][-]{subsection.5.4.4}{\376\377\000V\000e\000r\000i\000f\000i\000c\000a\000c\000a\000o\000\040\000c\000o\000m\000\040\000M\000e\000t\000a\000s\000p\000l\000o\000i\000t\000\040\040\023\000\040\000U\000b\000u\000n\000t\000u\000\040\000S\000e\000r\000v\000e\000r\000\040\0002\0002\000.\0000\0004}{section.5.4}% 28
\BOOKMARK [2][-]{subsection.5.4.5}{\376\377\000R\000e\000s\000u\000m\000o\000\040\000d\000e\000\040\000F\000i\000n\000d\000i\000n\000g\000s\000\040\040\023\000\040\000U\000b\000u\000n\000t\000u\000\040\000S\000e\000r\000v\000e\000r\000\040\0002\0002\000.\0000\0004}{section.5.4}% 29
\BOOKMARK [1][-]{section.5.5}{\376\377\000W\000i\000n\000d\000o\000w\000s\000\040\0001\0000\000\040\040\023\000\040\0001\0009\0002\000.\0001\0006\0008\000.\0005\0000\000.\0004\0000}{chapter.5}% 30
\BOOKMARK [2][-]{subsection.5.5.1}{\376\377\000E\000n\000u\000m\000e\000r\000a\000c\000a\000o\000\040\000d\000e\000\040\000S\000e\000r\000v\000i\000c\000o\000s}{section.5.5}% 31
\BOOKMARK [2][-]{subsection.5.5.2}{\376\377\000A\000c\000e\000s\000s\000o\000\040\000c\000o\000m\000\040\000C\000r\000e\000d\000e\000n\000c\000i\000a\000i\000s\000\040\000C\000o\000m\000p\000r\000o\000m\000e\000t\000i\000d\000a\000s}{section.5.5}% 32
\BOOKMARK [2][-]{subsection.5.5.3}{\376\377\000R\000e\000s\000u\000m\000o\000\040\000d\000e\000\040\000F\000i\000n\000d\000i\000n\000g\000s\000\040\040\023\000\040\000W\000i\000n\000d\000o\000w\000s\000\040\0001\0000}{section.5.5}% 33
\BOOKMARK [1][-]{section.5.6}{\376\377\000A\000n\000a\000l\000i\000s\000e\000\040\000d\000e\000\040\000T\000r\000a\000f\000e\000g\000o\000\040\040\023\000\040\000W\000i\000r\000e\000s\000h\000a\000r\000k}{chapter.5}% 34
\BOOKMARK [2][-]{subsection.5.6.1}{\376\377\000T\000r\000a\000f\000e\000g\000o\000\040\000H\000T\000T\000P\000\040\000e\000m\000\040\000C\000l\000a\000r\000o}{section.5.6}% 35
\BOOKMARK [2][-]{subsection.5.6.2}{\376\377\000T\000r\000a\000f\000e\000g\000o\000\040\000S\000M\000B\000\040\040\023\000\040\000A\000u\000t\000e\000n\000t\000i\000c\000a\000c\000a\000o\000\040\000N\000T\000L\000M}{section.5.6}% 36
\BOOKMARK [0][-]{chapter.6}{\376\377\000A\000v\000a\000l\000i\000a\000c\000a\000o\000\040\000d\000e\000\040\000R\000i\000s\000c\000o}{}% 37
\BOOKMARK [1][-]{section.6.1}{\376\377\000M\000e\000t\000o\000d\000o\000l\000o\000g\000i\000a\000\040\000d\000e\000\040\000C\000l\000a\000s\000s\000i\000f\000i\000c\000a\000c\000a\000o}{chapter.6}% 38
\BOOKMARK [1][-]{section.6.2}{\376\377\000M\000a\000t\000r\000i\000z\000\040\000d\000e\000\040\000P\000r\000o\000b\000a\000b\000i\000l\000i\000d\000a\000d\000e\000\040\000x\000\040\000I\000m\000p\000a\000c\000t\000o}{chapter.6}% 39
\BOOKMARK [1][-]{section.6.3}{\376\377\000F\000i\000n\000d\000i\000n\000g\000s}{chapter.6}% 40
\BOOKMARK [1][-]{section.6.4}{\376\377\000T\000a\000b\000e\000l\000a\000\040\000R\000e\000s\000u\000m\000o\000\040\000d\000e\000\040\000V\000u\000l\000n\000e\000r\000a\000b\000i\000l\000i\000d\000a\000d\000e\000s}{chapter.6}% 41
\BOOKMARK [0][-]{chapter.7}{\376\377\000P\000r\000i\000o\000r\000i\000z\000a\000c\000a\000o\000\040\000d\000e\000\040\000V\000u\000l\000n\000e\000r\000a\000b\000i\000l\000i\000d\000a\000d\000e\000s}{}% 42
\BOOKMARK [1][-]{section.7.1}{\376\377\000J\000u\000s\000t\000i\000f\000i\000c\000a\000c\000a\000o\000\040\000d\000a\000\040\000E\000x\000c\000l\000u\000s\000a\000o\000\040\000d\000a\000\040\000V\000U\000L\000-\0000\0004}{chapter.7}% 43
\BOOKMARK [1][-]{section.7.2}{\376\377\000R\000i\000s\000c\000o\000\040\000R\000e\000s\000i\000d\000u\000a\000l}{chapter.7}% 44
\BOOKMARK [0][-]{chapter.8}{\376\377\000P\000l\000a\000n\000o\000\040\000d\000e\000\040\000M\000i\000t\000i\000g\000a\000c\000a\000o}{}% 45
\BOOKMARK [1][-]{section.8.1}{\376\377\000A\000c\000o\000e\000s\000\040\000A\000d\000i\000c\000i\000o\000n\000a\000i\000s\000\040\000R\000e\000c\000o\000m\000e\000n\000d\000a\000d\000a\000s}{chapter.8}% 46
\BOOKMARK [1][-]{section.8.2}{\376\377\000A\000r\000q\000u\000i\000t\000e\000t\000u\000r\000a\000\040\000d\000e\000\040\000R\000e\000d\000e\000\040\000P\000r\000o\000p\000o\000s\000t\000a}{chapter.8}% 47
\BOOKMARK [0][-]{chapter.9}{\376\377\000Q\000u\000e\000s\000t\000o\000e\000s\000\040\000d\000e\000\040\000A\000n\000a\000l\000i\000s\000e}{}% 48
\BOOKMARK [1][-]{section.9.1}{\376\377\000Q\000u\000a\000l\000\040\000e\000\040\000o\000\040\000a\000t\000i\000v\000o\000\040\000m\000a\000i\000s\000\040\000c\000r\000i\000t\000i\000c\000o\000\040\000d\000a\000\040\000e\000m\000p\000r\000e\000s\000a\000?\000\040\000P\000o\000r\000q\000u\000e\000?}{chapter.9}% 49
\BOOKMARK [1][-]{section.9.2}{\376\377\000Q\000u\000a\000l\000\040\000v\000u\000l\000n\000e\000r\000a\000b\000i\000l\000i\000d\000a\000d\000e\000\040\000r\000e\000p\000r\000e\000s\000e\000n\000t\000a\000\040\000m\000a\000i\000o\000r\000\040\000r\000i\000s\000c\000o\000\040\000r\000e\000a\000l\000?}{chapter.9}% 50
\BOOKMARK [1][-]{section.9.3}{\376\377\000E\000x\000i\000s\000t\000e\000\040\000r\000i\000s\000c\000o\000\040\000s\000i\000s\000t\000e\000m\000i\000c\000o\000\040\000\050\000c\000o\000m\000b\000i\000n\000a\000c\000a\000o\000\040\000d\000e\000\040\000f\000a\000l\000h\000a\000s\000\051\000?}{chapter.9}% 51
\BOOKMARK [1][-]{section.9.4}{\376\377\000C\000o\000m\000o\000\040\000p\000o\000d\000e\000r\000i\000a\000\040\000u\000m\000\040\000a\000t\000a\000c\000a\000n\000t\000e\000\040\000e\000n\000c\000a\000d\000e\000a\000r\000\040\000v\000u\000l\000n\000e\000r\000a\000b\000i\000l\000i\000d\000a\000d\000e\000s\000?}{chapter.9}% 52
\BOOKMARK [1][-]{section.9.5}{\376\377\000S\000e\000\040\000a\000\040\000e\000m\000p\000r\000e\000s\000a\000\040\000f\000o\000r\000\040\000a\000l\000v\000o\000\040\000d\000e\000\040\000r\000a\000n\000s\000o\000m\000w\000a\000r\000e\000,\000\040\000q\000u\000a\000l\000\040\000s\000e\000r\000i\000a\000\040\000o\000\040\000i\000m\000p\000a\000c\000t\000o\000\040\000p\000r\000o\000v\000a\000v\000e\000l\000?}{chapter.9}% 53
\BOOKMARK [1][-]{section.9.6}{\376\377\000Q\000u\000e\000\040\000c\000o\000n\000t\000r\000o\000l\000o\000s\000\040\000p\000r\000e\000v\000e\000n\000t\000i\000v\000o\000s\000\040\000e\000\040\000d\000e\000t\000e\000t\000i\000v\000o\000s\000\040\000d\000e\000v\000e\000r\000i\000a\000m\000\040\000e\000x\000i\000s\000t\000i\000r\000?}{chapter.9}% 54
\BOOKMARK [2][-]{subsection.9.6.1}{\376\377\000C\000o\000n\000t\000r\000o\000l\000o\000s\000\040\000P\000r\000e\000v\000e\000n\000t\000i\000v\000o\000s}{section.9.6}% 55
\BOOKMARK [2][-]{subsection.9.6.2}{\376\377\000C\000o\000n\000t\000r\000o\000l\000o\000s\000\040\000D\000e\000t\000e\000t\000i\000v\000o\000s}{section.9.6}% 56
\BOOKMARK [0][-]{chapter.10}{\376\377\000C\000o\000n\000c\000l\000u\000s\000a\000o}{}% 57
\BOOKMARK [0][-]{appendix.A}{\376\377\000A\000n\000e\000x\000o\000s}{}% 58
\BOOKMARK [1][-]{section.A.1}{\376\377\000F\000e\000r\000r\000a\000m\000e\000n\000t\000a\000s\000\040\000e\000\040\000V\000e\000r\000s\000o\000e\000s\000\040\000U\000t\000i\000l\000i\000z\000a\000d\000a\000s}{appendix.A}% 59
\BOOKMARK [1][-]{section.A.2}{\376\377\000R\000e\000f\000e\000r\000e\000n\000c\000i\000a\000\040\000a\000\040\000A\000r\000t\000i\000g\000o\000s\000\040\000d\000o\000\040\000R\000G\000P\000D\000\040\000A\000p\000l\000i\000c\000a\000v\000e\000i\000s}{appendix.A}% 60
